Traceback (most recent call last):
  File "main.py", line 95, in resetteamtab
  File "scgui.pyc", line 193, in readfiles
  File "scgui.pyc", line 150, in resfileinterp
IOError: [Errno 2] No such file or directory: 'C:\\Program Files (x86)\\Steam/steamapps\\3fk\\counter-strike source/cstrike\\resource/UI\\Spectator.res'
Traceback (most recent call last):
  File "main.py", line 92, in cfgrefresh
  File "scgui.pyc", line 158, in cfgfileinterp
IOError: [Errno 2] No such file or directory: 'C:\\Program Files (x86)\\Steam/steamapps\\3fk\\counter-strike source/cstrike\\cfg/KLUTCH.cfg'
Traceback (most recent call last):
  File "main.py", line 230, in clickedinstallskin
  File "ConfigParser.pyc", line 610, in get
ConfigParser.NoOptionError: No option 'installedskin' in section: 'main'
Traceback (most recent call last):
  File "main.py", line 230, in clickedinstallskin
  File "ConfigParser.pyc", line 610, in get
ConfigParser.NoOptionError: No option 'installedskin' in section: 'main'
Traceback (most recent call last):
  File "main.py", line 230, in clickedinstallskin
  File "ConfigParser.pyc", line 610, in get
ConfigParser.NoOptionError: No option 'installedskin' in section: 'main'
